2022-04-04T23:29:27.975503, 1, app, Test runtime message
2022-04-04T23:48:00.009189, 1, app, Test runtime message
2022-04-04T23:49:35.893646, 1, app, Test runtime message
2022-04-05T20:51:28.555048, 1, app, Test runtime message
2022-04-06T15:40:55.267171, 1, app, Test runtime message
2022-04-06T16:31:58.361150, 1, app, Test runtime message
2022-04-06T17:49:15.633356, 1, app, Test runtime message
2022-04-06T17:53:29.817733, 1, app, Test runtime message
2022-04-06T18:55:35.614319, LoggerLevel.INFO, app, Test runtime message
2022-04-06T19:27:13.089515, Unknown(1), app, Test runtime message
2022-04-06T19:27:56.247005, INFO, app, Test runtime message
2022-04-06T20:25:23.684653, INFO, runtime, app, Test runtime message
2022-04-06T20:30:48.937850, INFO, runtime, app, Test runtime message
2022-04-06T20:31:14.512512, INFO, runtime, Contact, Execution started
2022-04-06T20:31:14.512868, INFO, runtime, Contact, Execution finished
2022-04-06T20:43:57.970087, INFO, runtime, app, Test runtime message
2022-04-06T23:04:47.546671, INFO, runtime, Contact, Execution started
2022-04-06T23:04:47.547023, INFO, runtime, Contact, Execution finished
2022-04-07T00:29:32.016244, INFO, runtime, app, Test runtime message
2022-04-07T00:31:59.255516, INFO, runtime, app, Test runtime message
2022-04-07T00:32:06.215765, INFO, runtime, Contact, Execution started
2022-04-07T00:32:06.216112, INFO, runtime, Contact, Execution finished
2022-04-07T00:32:06.216449, INFO, runtime, run, Execution started
2022-04-07T00:32:06.217878, INFO, runtime, run, Execution finished
2022-04-07T00:33:42.933286, INFO, runtime, Contact, Execution started
2022-04-07T00:33:42.933673, INFO, runtime, Contact, Execution finished
2022-04-07T00:33:42.934010, INFO, runtime, run, Execution started
2022-04-07T00:33:42.935672, INFO, runtime, run, Execution finished
2022-04-07T14:22:58.349179, INFO, runtime, app, Test runtime message
2022-04-07T14:26:40.631966, INFO, runtime, app, Test runtime message
2022-04-07T14:29:07.411937, INFO, runtime, app, Test runtime message
2022-04-07T15:19:28.391662, INFO, runtime, app, Test runtime message
2022-04-07T15:23:23.294608, INFO, runtime, Contact, Execution started
2022-04-07T15:23:23.294972, INFO, runtime, Contact, Execution finished
2022-04-07T15:23:23.295291, INFO, runtime, run, Execution started
2022-04-07T15:23:23.296729, INFO, runtime, run, Execution finished
2022-04-07T15:25:51.817437, INFO, runtime, app, Test runtime message
2022-04-07T15:33:50.743685, INFO, runtime, app, Test runtime message
2022-04-07T15:34:25.472477, INFO, runtime, app, Test runtime message
2022-04-07T15:36:29.484170, INFO, runtime, app, Test runtime message
2022-04-07T15:38:05.881625, INFO, runtime, app, Test runtime message
2022-04-07T15:39:42.734392, INFO, runtime, app, Test runtime message
2022-04-07T15:40:21.117906, INFO, runtime, app, Test runtime message
2022-04-07T15:46:32.436086, INFO, runtime, app, Test runtime message
2022-04-07T15:46:42.910527, INFO, runtime, Contact, Execution started
2022-04-07T15:46:42.910898, INFO, runtime, Contact, Execution finished
2022-04-07T15:46:42.911229, INFO, runtime, run, Execution started
2022-04-07T15:46:42.912667, INFO, runtime, run, Execution finished
2022-04-07T15:47:35.758270, INFO, runtime, Contact, Execution started
2022-04-07T15:47:35.758640, INFO, runtime, Contact, Execution finished
2022-04-07T15:47:35.758977, INFO, runtime, run, Execution started
2022-04-07T15:47:35.760419, INFO, runtime, run, Execution finished
2022-04-07T16:03:16.936804, INFO, runtime, app, Test runtime message
2022-04-07T16:04:33.495087, INFO, runtime, app, Test runtime message
2022-04-07T16:07:38.443809, INFO, runtime, app, Test runtime message
2022-04-07T16:07:56.654962, INFO, runtime, Contact, Execution started
2022-04-07T16:07:56.655331, INFO, runtime, Contact, Execution finished
2022-04-07T16:07:56.655663, INFO, runtime, run, Execution started
2022-04-07T16:07:56.657091, INFO, runtime, run, Execution finished
2022-04-07T16:08:12.394962, INFO, runtime, app, Test runtime message
2022-04-07T16:08:17.510755, INFO, runtime, run, Execution started
2022-04-07T16:08:17.512288, INFO, runtime, run, Execution finished
2022-04-07T16:08:24.650777, INFO, runtime, Contact, Execution started
2022-04-07T16:08:24.651141, INFO, runtime, Contact, Execution finished
2022-04-07T16:08:24.651505, INFO, runtime, run, Execution started
2022-04-07T16:08:24.652958, INFO, runtime, run, Execution finished
2022-04-07T16:08:47.659721, INFO, runtime, app, Test runtime message
2022-04-07T16:09:26.279659, INFO, runtime, app, Test runtime message
2022-04-07T16:10:52.852710, INFO, runtime, app, Test runtime message
2022-04-07T16:11:01.579278, INFO, runtime, run, Execution started
2022-04-07T16:11:01.580839, INFO, runtime, run, Execution finished
2022-04-07T16:11:04.203647, INFO, runtime, Contact, Execution started
2022-04-07T16:11:04.204005, INFO, runtime, Contact, Execution finished
2022-04-07T16:11:04.204422, INFO, runtime, run, Execution started
2022-04-07T16:11:04.205909, INFO, runtime, run, Execution finished
2022-04-07T18:52:30.545118, INFO, runtime, app, Test runtime message
2022-04-07T18:53:04.857537, INFO, runtime, Contact, Execution started
2022-04-07T18:53:04.857957, INFO, runtime, Contact, Execution finished
2022-04-07T18:53:04.858288, INFO, runtime, run, Execution started
2022-04-07T18:53:04.859784, INFO, runtime, run, Execution finished
2022-04-07T18:53:10.611572, INFO, runtime, run, Execution started
2022-04-07T18:53:10.613115, INFO, runtime, run, Execution finished
2022-04-07T18:54:50.936413, INFO, runtime, run, Execution started
2022-04-07T18:54:50.937920, INFO, runtime, run, Execution finished
2022-04-07T18:54:55.368694, INFO, runtime, Contact, Execution started
2022-04-07T18:54:55.369040, INFO, runtime, Contact, Execution finished
2022-04-07T18:54:55.369433, INFO, runtime, run, Execution started
2022-04-07T18:54:55.370918, INFO, runtime, run, Execution finished
2022-04-07T18:54:58.539152, INFO, runtime, run, Execution started
2022-04-07T18:54:58.540642, INFO, runtime, run, Execution finished
