2022-04-04T23:29:27.975061, 0, app, Test debug message
2022-04-04T23:48:00.008852, 0, app, Test debug message
2022-04-04T23:49:35.893317, 0, app, Test debug message
2022-04-05T20:51:28.554556, 0, app, Test debug message
2022-04-06T15:40:55.266815, 0, app, Test debug message
2022-04-06T16:31:58.360788, 0, app, Test debug message
2022-04-06T17:49:15.632980, 0, app, Test debug message
2022-04-06T17:49:21.171357, 0, Index, Execution started
2022-04-06T17:49:21.171730, 0, Index, Execution finished
2022-04-06T17:53:29.817379, 0, app, Test debug message
2022-04-06T17:53:33.737257, 0, Index, Execution started
2022-04-06T17:53:33.737610, 0, Index, Execution finished
2022-04-06T17:53:39.260428, 0, Index, Execution started
2022-04-06T17:53:39.260772, 0, Index, Execution finished
2022-04-06T17:53:45.239870, 0, Index, Execution started
2022-04-06T17:53:45.240221, 0, Index, Execution finished
2022-04-06T18:55:35.613965, LoggerLevel.DEBUG, app, Test debug message
2022-04-06T19:27:13.089103, Unknown(0), app, Test debug message
2022-04-06T19:27:56.246649, DEBUG, app, Test debug message
2022-04-06T20:25:23.684292, DEBUG, debug, app, Test debug message
2022-04-06T20:25:43.846633, DEBUG, debug, Index, Execution started
2022-04-06T20:25:43.846985, DEBUG, debug, Index, Execution finished
2022-04-06T20:26:02.306931, DEBUG, debug, Index, Execution started
2022-04-06T20:26:02.307296, DEBUG, debug, Index, Execution finished
2022-04-06T20:26:07.813997, DEBUG, debug, Index, Execution started
2022-04-06T20:26:07.814355, DEBUG, debug, Index, Execution finished
2022-04-06T20:30:48.937497, DEBUG, debug, app, Test debug message
2022-04-06T20:31:09.232326, DEBUG, debug, Index, Execution started
2022-04-06T20:31:09.232743, DEBUG, debug, Index, Execution finished
2022-04-06T20:43:57.969708, DEBUG, debug, app, Test debug message
2022-04-06T23:04:34.331157, DEBUG, debug, Index, Execution started
2022-04-06T23:04:34.331531, DEBUG, debug, Index, Execution finished
2022-04-07T00:29:32.015884, DEBUG, debug, app, Test debug message
2022-04-07T00:29:38.845018, DEBUG, debug, Index, Execution started
2022-04-07T00:29:38.845376, DEBUG, debug, Index, Execution finished
2022-04-07T00:29:38.845774, DEBUG, debug, run, Execution started
2022-04-07T00:29:38.848809, DEBUG, debug, run, Execution finished
2022-04-07T00:30:46.264757, DEBUG, debug, Index, Execution started
2022-04-07T00:30:46.265105, DEBUG, debug, Index, Execution finished
2022-04-07T00:30:46.265526, DEBUG, debug, run, Execution started
2022-04-07T00:30:46.268411, DEBUG, debug, run, Execution finished
2022-04-07T00:31:59.255089, DEBUG, debug, app, Test debug message
2022-04-07T00:32:03.130696, DEBUG, debug, Index, Execution started
2022-04-07T00:32:03.131083, DEBUG, debug, Index, Execution finished
2022-04-07T00:32:03.131413, DEBUG, debug, run, Execution started
2022-04-07T00:32:03.134485, DEBUG, debug, run, Execution finished
2022-04-07T00:33:53.408966, DEBUG, debug, Index, Execution started
2022-04-07T00:33:53.409317, DEBUG, debug, Index, Execution finished
2022-04-07T00:33:53.409654, DEBUG, debug, run, Execution started
2022-04-07T00:33:53.412659, DEBUG, debug, run, Execution finished
2022-04-07T14:22:58.348171, DEBUG, debug, app, Test debug message
2022-04-07T14:26:40.631588, DEBUG, debug, app, Test debug message
2022-04-07T14:29:07.411470, DEBUG, debug, app, Test debug message
2022-04-07T15:19:28.391277, DEBUG, debug, app, Test debug message
2022-04-07T15:23:20.911890, DEBUG, debug, Index, Execution started
2022-04-07T15:23:20.912289, DEBUG, debug, Index, Execution finished
2022-04-07T15:23:20.912646, DEBUG, debug, run, Execution started
2022-04-07T15:23:20.915701, DEBUG, debug, run, Execution finished
2022-04-07T15:23:33.696065, DEBUG, debug, Index, Execution started
2022-04-07T15:23:33.696430, DEBUG, debug, Index, Execution finished
2022-04-07T15:23:33.696750, DEBUG, debug, run, Execution started
2022-04-07T15:23:33.699653, DEBUG, debug, run, Execution finished
2022-04-07T15:25:51.816569, DEBUG, debug, app, Test debug message
2022-04-07T15:33:50.743296, DEBUG, debug, app, Test debug message
2022-04-07T15:33:50.743997, DEBUG, debug, __init__, Execution started
2022-04-07T15:33:50.744339, DEBUG, debug, __init__, Execution finished
2022-04-07T15:34:25.472107, DEBUG, debug, app, Test debug message
2022-04-07T15:34:25.472762, DEBUG, debug, Framework, Execution started
2022-04-07T15:34:25.473077, DEBUG, debug, __init__, Execution started
2022-04-07T15:34:25.473346, DEBUG, debug, __init__, Execution finished
2022-04-07T15:34:25.473612, DEBUG, debug, Framework, Execution finished
2022-04-07T15:36:29.483799, DEBUG, debug, app, Test debug message
2022-04-07T15:36:29.484459, DEBUG, debug, Framework, Execution started
2022-04-07T15:36:29.484737, DEBUG, debug, __init__, Execution started
2022-04-07T15:36:29.485003, DEBUG, debug, __init__, Execution finished
2022-04-07T15:36:29.485269, DEBUG, debug, Framework, Execution finished
2022-04-07T15:38:05.881228, DEBUG, debug, app, Test debug message
2022-04-07T15:38:05.881943, DEBUG, debug, Framework, Execution started
2022-04-07T15:38:05.882249, DEBUG, debug, __init__, Execution started
2022-04-07T15:38:05.882545, DEBUG, debug, __init__, Execution finished
2022-04-07T15:38:05.882840, DEBUG, debug, Framework, Execution finished
2022-04-07T15:39:42.734036, DEBUG, debug, app, Test debug message
2022-04-07T15:39:42.734674, DEBUG, debug, Framework, Execution started
2022-04-07T15:39:42.734952, DEBUG, debug, __init__, Execution started
2022-04-07T15:39:42.735249, DEBUG, debug, , urls: [Url(url='/', viewClass=<function Index at 0x7febf0cde290>, viewParams={}, name='Главная страница', inMenu=True), Url(url='/category/edit/*', viewClass=<class 'element_edit.ElementEditView'>, viewParams={'element_class': <class 'category.Category'>, 'element_html_class_name': 'Category', 'html_template_form': 'app/element_edit.html'}, name='Категории курсов', inMenu=False), Url(url='/course/edit/*', viewClass=<class 'course.CourseEditView'>, viewParams={'element_class': <class 'course.Course'>, 'element_html_class_name': 'Course', 'html_template_form': 'app/element_edit.html'}, name='Курсы', inMenu=False), Url(url='/contact', viewClass=<function Contact at 0x7febf0ce80e0>, viewParams={}, name='Обратная связь', inMenu=True)]
2022-04-07T15:39:42.735525, DEBUG, debug, __init__, Execution finished
2022-04-07T15:39:42.735788, DEBUG, debug, Framework, Execution finished
2022-04-07T15:40:21.117510, DEBUG, debug, app, Test debug message
2022-04-07T15:40:21.118203, DEBUG, debug, Framework, Execution started
2022-04-07T15:40:21.118507, DEBUG, debug, __init__, Execution started
2022-04-07T15:40:21.118820, DEBUG, debug, , urls: [Url(url='/', viewClass=<function Index at 0x7fe168cdb200>, viewParams={}, name='Главная страница', inMenu=True), Url(url='/category/edit/*', viewClass=<class 'element_edit.ElementEditView'>, viewParams={'element_class': <class 'category.Category'>, 'element_html_class_name': 'Category', 'html_template_form': 'app/element_edit.html'}, name='Категории курсов', inMenu=False), Url(url='/course/edit/*', viewClass=<class 'course.CourseEditView'>, viewParams={'element_class': <class 'course.Course'>, 'element_html_class_name': 'Course', 'html_template_form': 'app/element_edit.html'}, name='Курсы', inMenu=False), Url(url='/contact', viewClass=<function Contact at 0x7fe168cfca70>, viewParams={}, name='Обратная связь', inMenu=True)]
2022-04-07T15:40:21.119107, DEBUG, debug, __init__, Execution finished
2022-04-07T15:40:21.119383, DEBUG, debug, Framework, Execution finished
2022-04-07T15:46:32.435715, DEBUG, debug, app, Test debug message
2022-04-07T15:46:32.436372, DEBUG, debug, Framework, Execution started
2022-04-07T15:46:32.436652, DEBUG, debug, __init__, Execution started
2022-04-07T15:46:32.436923, DEBUG, debug, __init__, Execution finished
2022-04-07T15:46:32.437187, DEBUG, debug, Framework, Execution finished
2022-04-07T15:46:36.783724, DEBUG, debug, Index, Execution started
2022-04-07T15:46:36.784087, DEBUG, debug, Index, Execution finished
2022-04-07T15:46:36.784410, DEBUG, debug, run, Execution started
2022-04-07T15:46:36.787546, DEBUG, debug, run, Execution finished
2022-04-07T16:03:16.936410, DEBUG, debug, app, Test debug message
2022-04-07T16:04:33.494690, DEBUG, debug, app, Test debug message
2022-04-07T16:07:38.443383, DEBUG, debug, app, Test debug message
2022-04-07T16:07:43.951526, DEBUG, debug, Index, Execution started
2022-04-07T16:07:43.951850, DEBUG, debug, Index, Execution finished
2022-04-07T16:07:43.952140, DEBUG, debug, run, Execution started
2022-04-07T16:07:43.955150, DEBUG, debug, run, Execution finished
2022-04-07T16:07:54.395888, DEBUG, debug, Index, Execution started
2022-04-07T16:07:54.396232, DEBUG, debug, Index, Execution finished
2022-04-07T16:07:54.396566, DEBUG, debug, run, Execution started
2022-04-07T16:07:54.399624, DEBUG, debug, run, Execution finished
2022-04-07T16:08:12.394584, DEBUG, debug, app, Test debug message
2022-04-07T16:08:15.447681, DEBUG, debug, Index, Execution started
2022-04-07T16:08:15.448046, DEBUG, debug, Index, Execution finished
2022-04-07T16:08:15.448517, DEBUG, debug, run, Execution started
2022-04-07T16:08:15.451688, DEBUG, debug, run, Execution finished
2022-04-07T16:08:47.659339, DEBUG, debug, app, Test debug message
2022-04-07T16:08:51.152841, DEBUG, debug, Index, Execution started
2022-04-07T16:08:51.153204, DEBUG, debug, Index, Execution finished
2022-04-07T16:08:51.153666, DEBUG, debug, run, Execution started
2022-04-07T16:08:51.156698, DEBUG, debug, run, Execution finished
2022-04-07T16:09:26.279271, DEBUG, debug, app, Test debug message
2022-04-07T16:10:52.852329, DEBUG, debug, app, Test debug message
2022-04-07T16:10:59.633986, DEBUG, debug, Index, Execution started
2022-04-07T16:10:59.634381, DEBUG, debug, Index, Execution finished
2022-04-07T16:10:59.634721, DEBUG, debug, run, Execution started
2022-04-07T16:10:59.638046, DEBUG, debug, run, Execution finished
2022-04-07T18:52:30.544716, DEBUG, debug, app, Test debug message
2022-04-07T18:52:49.944272, DEBUG, debug, Index, Execution started
2022-04-07T18:52:49.944660, DEBUG, debug, Index, Execution finished
2022-04-07T18:52:49.945007, DEBUG, debug, run, Execution started
2022-04-07T18:52:49.948181, DEBUG, debug, run, Execution finished
2022-04-07T18:54:34.230240, DEBUG, debug, Index, Execution started
2022-04-07T18:54:34.230584, DEBUG, debug, Index, Execution finished
2022-04-07T18:54:34.230988, DEBUG, debug, run, Execution started
2022-04-07T18:54:34.234001, DEBUG, debug, run, Execution finished
2022-04-07T18:54:49.020185, DEBUG, debug, Index, Execution started
2022-04-07T18:54:49.020566, DEBUG, debug, Index, Execution finished
2022-04-07T18:54:49.020902, DEBUG, debug, run, Execution started
2022-04-07T18:54:49.023879, DEBUG, debug, run, Execution finished
2022-04-11T22:34:06.673648, DEBUG, debug, app, Test debug message
2022-04-11T22:34:14.214297, DEBUG, debug, Index, Execution started
2022-04-11T22:34:14.214642, DEBUG, debug, Index, Execution finished
2022-04-11T22:34:14.214942, DEBUG, debug, run, Execution started
2022-04-11T22:34:14.218909, DEBUG, debug, run, Execution finished
2022-04-11T22:34:19.713510, DEBUG, debug, Index, Execution started
2022-04-11T22:34:19.713857, DEBUG, debug, Index, Execution finished
2022-04-11T22:34:19.714195, DEBUG, debug, run, Execution started
2022-04-11T22:34:19.717053, DEBUG, debug, run, Execution finished
2022-04-11T22:44:42.233043, DEBUG, debug, app, Test debug message
2022-04-11T22:44:45.443452, DEBUG, debug, Index, Execution started
2022-04-11T22:44:45.443847, DEBUG, debug, Index, Execution finished
2022-04-11T22:44:45.444172, DEBUG, debug, run, Execution started
2022-04-11T22:44:45.447215, DEBUG, debug, run, Execution finished
2022-04-11T22:44:50.471427, DEBUG, debug, Index, Execution started
2022-04-11T22:44:50.471792, DEBUG, debug, Index, Execution finished
2022-04-11T22:44:50.472164, DEBUG, debug, run, Execution started
2022-04-11T22:44:50.475107, DEBUG, debug, run, Execution finished
2022-04-11T23:05:26.123138, DEBUG, debug, app, Test debug message
2022-04-11T23:07:08.422898, DEBUG, debug, app, Test debug message
2022-04-11T23:23:47.694994, DEBUG, debug, app, Test debug message
2022-04-11T23:23:53.692990, DEBUG, debug, Index, Execution started
2022-04-11T23:23:53.693352, DEBUG, debug, Index, Execution finished
2022-04-11T23:23:53.693682, DEBUG, debug, run, Execution started
2022-04-11T23:23:53.696883, DEBUG, debug, run, Execution finished
2022-04-11T23:24:01.645703, DEBUG, debug, Index, Execution started
2022-04-11T23:24:01.646164, DEBUG, debug, Index, Execution finished
2022-04-11T23:24:01.646499, DEBUG, debug, run, Execution started
2022-04-11T23:24:01.649548, DEBUG, debug, run, Execution finished
2022-04-11T23:24:20.005712, DEBUG, debug, Index, Execution started
2022-04-11T23:24:20.006152, DEBUG, debug, Index, Execution finished
2022-04-11T23:24:20.006485, DEBUG, debug, run, Execution started
2022-04-11T23:24:20.009513, DEBUG, debug, run, Execution finished
2022-04-12T12:01:03.853099, DEBUG, debug, app, Test debug message
2022-04-12T15:18:32.678827, DEBUG, debug, app, Test debug message
2022-04-12T15:22:57.379921, DEBUG, debug, app, Test debug message
2022-04-12T15:23:20.498063, DEBUG, debug, app, Test debug message
2022-04-12T15:25:30.596899, DEBUG, debug, app, Test debug message
2022-04-12T15:48:45.913858, DEBUG, debug, app, Test debug message
2022-04-12T15:52:28.142805, DEBUG, debug, app, Test debug message
2022-04-12T15:52:58.347287, DEBUG, debug, app, Test debug message
2022-04-12T16:01:33.588871, DEBUG, debug, app, Test debug message
2022-04-12T16:13:25.385637, DEBUG, debug, app, Test debug message
2022-04-12T16:15:09.375844, DEBUG, debug, app, Test debug message
2022-04-12T16:16:20.806889, DEBUG, debug, app, Test debug message
2022-04-12T16:16:41.549233, DEBUG, debug, app, Test debug message
2022-04-12T16:17:49.854572, DEBUG, debug, app, Test debug message
2022-04-12T16:18:37.349625, DEBUG, debug, app, Test debug message
2022-04-12T16:22:26.138638, DEBUG, debug, app, Test debug message
2022-04-12T16:24:43.186432, DEBUG, debug, app, Test debug message
2022-04-12T16:25:47.589339, DEBUG, debug, app, Test debug message
2022-04-12T16:26:17.860257, DEBUG, debug, app, Test debug message
2022-04-12T16:27:01.407914, DEBUG, debug, app, Test debug message
2022-04-12T17:14:26.876773, DEBUG, debug, app, Test debug message
2022-04-12T17:24:00.441486, DEBUG, debug, app, Test debug message
2022-04-12T17:28:33.956076, DEBUG, debug, app, Test debug message
2022-04-12T17:30:28.157591, DEBUG, debug, app, Test debug message
2022-04-12T17:33:12.352218, DEBUG, debug, app, Test debug message
2022-04-12T17:34:18.830011, DEBUG, debug, app, Test debug message
2022-04-12T17:34:58.059981, DEBUG, debug, app, Test debug message
2022-04-12T17:35:54.947836, DEBUG, debug, app, Test debug message
2022-04-12T17:55:36.919139, DEBUG, debug, app, Test debug message
2022-04-12T17:57:55.617937, DEBUG, debug, app, Test debug message
2022-04-12T19:26:54.594909, DEBUG, debug, app, Test debug message
2022-04-13T02:21:50.505252, DEBUG, debug, app, Test debug message
2022-04-13T04:22:38.102392, DEBUG, debug, app, Test debug message
2022-04-13T06:23:26.802487, DEBUG, debug, app, Test debug message
2022-04-13T08:24:14.605754, DEBUG, debug, app, Test debug message
2022-04-13T09:00:14.811244, DEBUG, debug, app, Test debug message
2022-04-13T10:01:53.055249, DEBUG, debug, app, Test debug message
2022-04-13T13:15:55.008922, DEBUG, debug, app, Test debug message
2022-04-13T13:26:47.301527, DEBUG, debug, app, Test debug message
2022-04-13T13:27:46.475290, DEBUG, debug, app, Test debug message
2022-04-13T13:28:59.911439, DEBUG, debug, app, Test debug message
2022-04-13T13:35:36.578313, DEBUG, debug, app, Test debug message
2022-04-13T13:40:15.066169, DEBUG, debug, app, Test debug message
2022-04-13T13:41:10.499255, DEBUG, debug, app, Test debug message
2022-04-13T13:41:50.900087, DEBUG, debug, app, Test debug message
2022-04-13T13:42:48.357243, DEBUG, debug, app, Test debug message
2022-04-13T13:44:45.568018, DEBUG, debug, app, Test debug message
2022-04-13T13:52:40.045606, DEBUG, debug, app, Test debug message
2022-04-13T13:55:52.817665, DEBUG, debug, app, Test debug message
2022-04-13T13:56:45.520486, DEBUG, debug, app, Test debug message
2022-04-13T13:59:11.468538, DEBUG, debug, app, Test debug message
2022-04-13T14:00:40.318698, DEBUG, debug, app, Test debug message
2022-04-13T14:05:39.316071, DEBUG, debug, app, Test debug message
2022-04-13T14:05:59.166498, DEBUG, debug, app, Test debug message
2022-04-13T14:06:31.768164, DEBUG, debug, app, Test debug message
2022-04-13T14:11:09.853586, DEBUG, debug, app, Test debug message
2022-04-13T14:13:30.736992, DEBUG, debug, app, Test debug message
2022-04-13T14:15:19.231686, DEBUG, debug, app, Test debug message
2022-04-13T14:15:24.440849, DEBUG, debug, app, Test debug message
2022-04-13T14:16:24.577894, DEBUG, debug, app, Test debug message
2022-04-13T14:16:40.168847, DEBUG, debug, app, Test debug message
2022-04-13T14:30:48.555169, DEBUG, debug, app, Test debug message
2022-04-13T14:34:51.148082, DEBUG, debug, app, Test debug message
2022-04-13T14:35:09.438684, DEBUG, debug, app, Test debug message
2022-04-13T15:10:47.153439, DEBUG, debug, app, Test debug message
2022-04-13T15:12:12.793357, DEBUG, debug, app, Test debug message
2022-04-13T15:13:05.821952, DEBUG, debug, app, Test debug message
2022-04-13T15:13:32.697028, DEBUG, debug, app, Test debug message
2022-04-13T15:13:41.459621, DEBUG, debug, app, Test debug message
2022-04-13T15:31:26.847211, DEBUG, debug, app, Test debug message
2022-04-13T15:31:40.928200, DEBUG, debug, app, Test debug message
2022-04-13T15:31:50.061704, DEBUG, debug, app, Test debug message
2022-04-13T15:32:09.870701, DEBUG, debug, app, Test debug message
2022-04-13T15:32:20.152916, DEBUG, debug, app, Test debug message
2022-04-13T15:37:37.502008, DEBUG, debug, Index, Execution started
2022-04-13T15:37:37.502369, DEBUG, debug, Index, Execution finished
2022-04-13T15:37:37.502791, DEBUG, debug, run, Execution started
2022-04-13T15:37:37.505957, DEBUG, debug, run, Execution finished
2022-04-13T15:37:44.815686, DEBUG, debug, Index, Execution started
2022-04-13T15:37:44.816007, DEBUG, debug, Index, Execution finished
2022-04-13T15:37:44.816296, DEBUG, debug, run, Execution started
2022-04-13T15:37:44.819201, DEBUG, debug, run, Execution finished
2022-04-13T15:37:47.750214, DEBUG, debug, Index, Execution started
2022-04-13T15:37:47.750557, DEBUG, debug, Index, Execution finished
2022-04-13T15:37:47.750950, DEBUG, debug, run, Execution started
2022-04-13T15:37:47.753820, DEBUG, debug, run, Execution finished
2022-04-13T15:38:08.577409, DEBUG, debug, Index, Execution started
2022-04-13T15:38:08.577744, DEBUG, debug, Index, Execution finished
2022-04-13T15:38:08.578032, DEBUG, debug, run, Execution started
2022-04-13T15:38:08.580922, DEBUG, debug, run, Execution finished
2022-04-13T15:38:16.276807, DEBUG, debug, Index, Execution started
2022-04-13T15:38:16.277144, DEBUG, debug, Index, Execution finished
2022-04-13T15:38:16.277434, DEBUG, debug, run, Execution started
2022-04-13T15:38:16.280386, DEBUG, debug, run, Execution finished
2022-04-13T15:42:21.499739, DEBUG, debug, app, Test debug message
2022-04-13T15:43:10.593030, DEBUG, debug, app, Test debug message
2022-04-13T15:43:34.703171, DEBUG, debug, Index, Execution started
2022-04-13T15:43:34.703559, DEBUG, debug, Index, Execution finished
2022-04-13T15:43:34.703887, DEBUG, debug, run, Execution started
2022-04-13T15:43:34.707212, DEBUG, debug, run, Execution finished
2022-04-13T15:43:36.941185, DEBUG, debug, Index, Execution started
2022-04-13T15:43:36.941527, DEBUG, debug, Index, Execution finished
2022-04-13T15:43:36.941920, DEBUG, debug, run, Execution started
2022-04-13T15:43:36.944774, DEBUG, debug, run, Execution finished
2022-04-13T15:43:37.661292, DEBUG, debug, Index, Execution started
2022-04-13T15:43:37.661644, DEBUG, debug, Index, Execution finished
2022-04-13T15:43:37.661976, DEBUG, debug, run, Execution started
2022-04-13T15:43:37.664806, DEBUG, debug, run, Execution finished
2022-04-13T15:43:59.349985, DEBUG, debug, Index, Execution started
2022-04-13T15:43:59.350378, DEBUG, debug, Index, Execution finished
2022-04-13T15:43:59.350714, DEBUG, debug, run, Execution started
2022-04-13T15:43:59.353777, DEBUG, debug, run, Execution finished
2022-04-13T15:44:18.493508, DEBUG, debug, app, Test debug message
2022-04-13T15:44:39.488024, DEBUG, debug, Index, Execution started
2022-04-13T15:44:39.488375, DEBUG, debug, Index, Execution finished
2022-04-13T15:44:39.488775, DEBUG, debug, run, Execution started
2022-04-13T15:44:39.491839, DEBUG, debug, run, Execution finished
2022-04-13T15:45:02.203492, DEBUG, debug, Index, Execution started
2022-04-13T15:45:02.203897, DEBUG, debug, Index, Execution finished
2022-04-13T15:45:02.204242, DEBUG, debug, run, Execution started
2022-04-13T15:45:02.207248, DEBUG, debug, run, Execution finished
2022-04-13T15:58:46.593757, DEBUG, debug, app, Test debug message
2022-04-13T15:58:56.134310, DEBUG, debug, Index, Execution started
2022-04-13T15:58:56.134692, DEBUG, debug, Index, Execution finished
2022-04-13T15:58:56.135019, DEBUG, debug, run, Execution started
2022-04-13T16:06:35.127540, DEBUG, debug, app, Test debug message
2022-04-13T16:06:41.767108, DEBUG, debug, Index, Execution started
2022-04-13T16:06:41.767476, DEBUG, debug, Index, Execution finished
2022-04-13T16:06:41.767876, DEBUG, debug, run, Execution started
2022-04-13T16:07:48.922764, DEBUG, debug, app, Test debug message
2022-04-13T16:07:52.266995, DEBUG, debug, Index, Execution started
2022-04-13T16:07:52.267344, DEBUG, debug, Index, Execution finished
2022-04-13T16:07:52.267791, DEBUG, debug, run, Execution started
2022-04-13T16:07:52.270946, DEBUG, debug, run, Execution finished
2022-04-13T22:41:18.991715, DEBUG, debug, app, Test debug message
2022-04-13T22:41:28.306852, DEBUG, debug, Index, Execution started
2022-04-13T22:41:28.307212, DEBUG, debug, Index, Execution finished
2022-04-13T22:41:28.307535, DEBUG, debug, run, Execution started
2022-04-13T22:41:28.310837, DEBUG, debug, run, Execution finished
2022-04-13T22:49:30.534745, DEBUG, debug, app, Test debug message
2022-04-13T22:49:36.219478, DEBUG, debug, Index, Execution started
2022-04-13T22:49:36.219832, DEBUG, debug, Index, Execution finished
2022-04-13T22:49:36.220159, DEBUG, debug, run, Execution started
2022-04-13T22:49:36.223527, DEBUG, debug, run, Execution finished
2022-04-13T22:51:45.423720, DEBUG, debug, app, Test debug message
2022-04-13T22:51:48.586690, DEBUG, debug, Index, Execution started
2022-04-13T22:51:48.587035, DEBUG, debug, Index, Execution finished
2022-04-13T22:51:48.587344, DEBUG, debug, run, Execution started
2022-04-13T22:51:48.590659, DEBUG, debug, run, Execution finished
2022-04-13T22:52:50.209022, DEBUG, debug, app, Test debug message
2022-04-13T22:52:52.394065, DEBUG, debug, Index, Execution started
2022-04-13T22:52:52.394415, DEBUG, debug, Index, Execution finished
2022-04-13T22:52:52.394808, DEBUG, debug, run, Execution started
2022-04-13T22:52:52.398164, DEBUG, debug, run, Execution finished
2022-04-13T22:59:10.972710, DEBUG, debug, app, Test debug message
2022-04-13T22:59:15.450886, DEBUG, debug, Index, Execution started
2022-04-13T22:59:15.451242, DEBUG, debug, Index, Execution finished
2022-04-13T22:59:15.451646, DEBUG, debug, run, Execution started
2022-04-13T22:59:15.454748, DEBUG, debug, run, Execution finished
2022-04-13T23:06:22.828684, DEBUG, debug, app, Test debug message
2022-04-13T23:07:07.846093, DEBUG, debug, app, Test debug message
2022-04-13T23:07:18.683793, DEBUG, debug, Index, Execution started
2022-04-13T23:07:18.684174, DEBUG, debug, Index, Execution finished
2022-04-13T23:07:18.684507, DEBUG, debug, run, Execution started
2022-04-13T23:07:18.687683, DEBUG, debug, run, Execution finished
2022-04-13T23:07:24.192442, DEBUG, debug, Index, Execution started
2022-04-13T23:07:24.192784, DEBUG, debug, Index, Execution finished
2022-04-13T23:07:24.193093, DEBUG, debug, run, Execution started
2022-04-13T23:07:24.195919, DEBUG, debug, run, Execution finished
2022-04-13T23:07:27.756719, DEBUG, debug, Index, Execution started
2022-04-13T23:07:27.757053, DEBUG, debug, Index, Execution finished
2022-04-13T23:07:27.757342, DEBUG, debug, run, Execution started
2022-04-13T23:07:27.760209, DEBUG, debug, run, Execution finished
2022-04-13T23:07:41.409859, DEBUG, debug, Index, Execution started
2022-04-13T23:07:41.410370, DEBUG, debug, Index, Execution finished
2022-04-13T23:07:41.410718, DEBUG, debug, run, Execution started
2022-04-13T23:07:41.413731, DEBUG, debug, run, Execution finished
2022-04-13T23:07:46.493058, DEBUG, debug, Index, Execution started
2022-04-13T23:07:46.493393, DEBUG, debug, Index, Execution finished
2022-04-13T23:07:46.493674, DEBUG, debug, run, Execution started
2022-04-13T23:07:46.496638, DEBUG, debug, run, Execution finished
2022-04-13T23:07:52.196823, DEBUG, debug, Index, Execution started
2022-04-13T23:07:52.197166, DEBUG, debug, Index, Execution finished
2022-04-13T23:07:52.197451, DEBUG, debug, run, Execution started
2022-04-13T23:07:52.200273, DEBUG, debug, run, Execution finished
2022-04-13T23:07:54.909586, DEBUG, debug, Index, Execution started
2022-04-13T23:07:54.909969, DEBUG, debug, Index, Execution finished
2022-04-13T23:07:54.910293, DEBUG, debug, run, Execution started
2022-04-13T23:07:54.913338, DEBUG, debug, run, Execution finished
2022-04-13T23:07:57.810335, DEBUG, debug, Index, Execution started
2022-04-13T23:07:57.810661, DEBUG, debug, Index, Execution finished
2022-04-13T23:07:57.810945, DEBUG, debug, run, Execution started
2022-04-13T23:07:57.813800, DEBUG, debug, run, Execution finished
2022-04-13T23:08:03.716950, DEBUG, debug, Index, Execution started
2022-04-13T23:08:03.717291, DEBUG, debug, Index, Execution finished
2022-04-13T23:08:03.717577, DEBUG, debug, run, Execution started
2022-04-13T23:08:03.720433, DEBUG, debug, run, Execution finished
2022-04-13T23:08:11.911675, DEBUG, debug, Index, Execution started
2022-04-13T23:08:11.911994, DEBUG, debug, Index, Execution finished
2022-04-13T23:08:11.912280, DEBUG, debug, run, Execution started
2022-04-13T23:08:11.915257, DEBUG, debug, run, Execution finished
2022-04-13T23:08:24.431420, DEBUG, debug, Index, Execution started
2022-04-13T23:08:24.431765, DEBUG, debug, Index, Execution finished
2022-04-13T23:08:24.432078, DEBUG, debug, run, Execution started
2022-04-13T23:08:24.435000, DEBUG, debug, run, Execution finished
2022-04-13T23:08:46.509048, DEBUG, debug, Index, Execution started
2022-04-13T23:08:46.509413, DEBUG, debug, Index, Execution finished
2022-04-13T23:08:46.509725, DEBUG, debug, run, Execution started
2022-04-13T23:08:46.512584, DEBUG, debug, run, Execution finished
2022-04-13T23:08:53.712498, DEBUG, debug, Index, Execution started
2022-04-13T23:08:53.712817, DEBUG, debug, Index, Execution finished
2022-04-13T23:08:53.713097, DEBUG, debug, run, Execution started
2022-04-13T23:08:53.715876, DEBUG, debug, run, Execution finished
2022-04-13T23:09:10.414170, DEBUG, debug, Index, Execution started
2022-04-13T23:09:10.414509, DEBUG, debug, Index, Execution finished
2022-04-13T23:09:10.414793, DEBUG, debug, run, Execution started
2022-04-13T23:09:10.417623, DEBUG, debug, run, Execution finished
2022-04-13T23:09:25.599582, DEBUG, debug, Index, Execution started
2022-04-13T23:09:25.599925, DEBUG, debug, Index, Execution finished
2022-04-13T23:09:25.600212, DEBUG, debug, run, Execution started
2022-04-13T23:09:25.603029, DEBUG, debug, run, Execution finished
2022-04-13T23:09:35.385043, DEBUG, debug, Index, Execution started
2022-04-13T23:09:35.385412, DEBUG, debug, Index, Execution finished
2022-04-13T23:09:35.385729, DEBUG, debug, run, Execution started
2022-04-13T23:09:35.388646, DEBUG, debug, run, Execution finished
2022-04-14T00:42:58.037214, DEBUG, debug, app, Test debug message
2022-04-14T00:43:04.029304, DEBUG, debug, Index, Execution started
2022-04-14T00:43:04.029665, DEBUG, debug, Index, Execution finished
2022-04-14T00:43:04.030071, DEBUG, debug, run, Execution started
2022-04-14T00:43:04.033187, DEBUG, debug, run, Execution finished
2022-04-14T00:43:41.664286, DEBUG, debug, app, Test debug message
2022-04-14T00:43:44.411546, DEBUG, debug, Index, Execution started
2022-04-14T00:43:44.411886, DEBUG, debug, Index, Execution finished
2022-04-14T00:43:44.412182, DEBUG, debug, run, Execution started
2022-04-14T00:43:44.415313, DEBUG, debug, run, Execution finished
2022-04-14T00:44:09.123521, DEBUG, debug, app, Test debug message
2022-04-14T00:44:11.678905, DEBUG, debug, Index, Execution started
2022-04-14T00:44:11.679290, DEBUG, debug, Index, Execution finished
2022-04-14T00:44:11.679618, DEBUG, debug, run, Execution started
2022-04-14T00:44:11.682709, DEBUG, debug, run, Execution finished
2022-04-15T10:54:15.403944, DEBUG, debug, app, Test debug message
2022-04-15T10:54:21.605283, DEBUG, debug, Index, Execution started
2022-04-15T10:54:21.605629, DEBUG, debug, Index, Execution finished
2022-04-15T10:54:21.605921, DEBUG, debug, run, Execution started
2022-04-15T10:54:21.608988, DEBUG, debug, run, Execution finished
2022-04-15T11:30:42.856397, DEBUG, debug, app, Test debug message
2022-04-15T11:30:46.176387, DEBUG, debug, Index, Execution started
2022-04-15T11:30:46.176746, DEBUG, debug, Index, Execution finished
2022-04-15T11:30:46.177076, DEBUG, debug, run, Execution started
2022-04-15T11:30:46.180401, DEBUG, debug, run, Execution finished
2022-04-15T11:31:24.497368, DEBUG, debug, app, Test debug message
2022-04-15T11:31:26.822272, DEBUG, debug, Index, Execution started
2022-04-15T11:31:26.822637, DEBUG, debug, Index, Execution finished
2022-04-15T11:31:26.823047, DEBUG, debug, run, Execution started
2022-04-15T11:31:26.826259, DEBUG, debug, run, Execution finished
2022-04-15T11:33:00.452932, DEBUG, debug, app, Test debug message
2022-04-15T11:33:03.402641, DEBUG, debug, Index, Execution started
2022-04-15T11:33:03.403003, DEBUG, debug, Index, Execution finished
2022-04-15T11:33:03.403330, DEBUG, debug, run, Execution started
2022-04-15T11:33:03.406682, DEBUG, debug, run, Execution finished
2022-04-15T11:51:52.821484, DEBUG, debug, app, Test debug message
2022-04-15T11:51:56.174935, DEBUG, debug, Index, Execution started
2022-04-15T11:51:56.175267, DEBUG, debug, Index, Execution finished
2022-04-15T11:51:56.175555, DEBUG, debug, run, Execution started
2022-04-15T11:51:56.178687, DEBUG, debug, run, Execution finished
2022-04-15T11:52:48.887150, DEBUG, debug, app, Test debug message
2022-04-15T11:52:51.769834, DEBUG, debug, Index, Execution started
2022-04-15T11:52:51.770237, DEBUG, debug, Index, Execution finished
2022-04-15T11:52:51.770573, DEBUG, debug, run, Execution started
2022-04-15T11:52:51.773742, DEBUG, debug, run, Execution finished
2022-04-15T11:53:05.018538, DEBUG, debug, Index, Execution started
2022-04-15T11:53:05.018918, DEBUG, debug, Index, Execution finished
2022-04-15T11:53:05.019254, DEBUG, debug, run, Execution started
2022-04-15T11:53:05.022123, DEBUG, debug, run, Execution finished
2022-04-15T12:01:34.901418, DEBUG, debug, app, Test debug message
2022-04-15T12:01:38.324729, DEBUG, debug, Index, Execution started
2022-04-15T12:01:38.325092, DEBUG, debug, Index, Execution finished
2022-04-15T12:01:38.325499, DEBUG, debug, run, Execution started
2022-04-15T12:01:38.328632, DEBUG, debug, run, Execution finished
2022-04-15T12:18:01.846531, DEBUG, debug, app, Test debug message
2022-04-15T12:18:08.193697, DEBUG, debug, Index, Execution started
2022-04-15T12:18:08.194056, DEBUG, debug, Index, Execution finished
2022-04-15T12:18:08.194378, DEBUG, debug, run, Execution started
2022-04-15T12:18:08.197606, DEBUG, debug, run, Execution finished
2022-04-15T14:01:29.851326, DEBUG, debug, app, Test debug message
2022-04-15T14:01:37.164804, DEBUG, debug, Index, Execution started
2022-04-15T14:01:37.165140, DEBUG, debug, Index, Execution finished
2022-04-15T14:01:37.165427, DEBUG, debug, run, Execution started
2022-04-15T14:01:37.168515, DEBUG, debug, run, Execution finished
2022-04-15T14:03:09.125871, DEBUG, debug, app, Test debug message
2022-04-15T14:03:16.003008, DEBUG, debug, Index, Execution started
2022-04-15T14:03:16.003363, DEBUG, debug, Index, Execution finished
2022-04-15T14:03:16.003771, DEBUG, debug, run, Execution started
2022-04-15T14:03:16.007115, DEBUG, debug, run, Execution finished
2022-04-15T14:03:54.031904, DEBUG, debug, app, Test debug message
2022-04-15T14:03:57.940857, DEBUG, debug, Index, Execution started
2022-04-15T14:03:57.941249, DEBUG, debug, Index, Execution finished
2022-04-15T14:03:57.941628, DEBUG, debug, run, Execution started
2022-04-15T14:03:57.944818, DEBUG, debug, run, Execution finished
2022-04-15T14:10:20.986593, DEBUG, debug, app, Test debug message
2022-04-15T14:10:23.742430, DEBUG, debug, Index, Execution started
2022-04-15T14:10:23.742788, DEBUG, debug, Index, Execution finished
2022-04-15T14:10:23.743183, DEBUG, debug, run, Execution started
2022-04-15T14:10:23.746245, DEBUG, debug, run, Execution finished
2022-04-15T14:13:20.014881, DEBUG, debug, app, Test debug message
2022-04-15T14:13:26.249235, DEBUG, debug, Index, Execution started
2022-04-15T14:13:26.249631, DEBUG, debug, Index, Execution finished
2022-04-15T14:13:26.249965, DEBUG, debug, run, Execution started
2022-04-15T14:13:26.253164, DEBUG, debug, run, Execution finished
2022-04-15T14:18:58.838990, DEBUG, debug, app, Test debug message
2022-04-15T14:19:03.849254, DEBUG, debug, Index, Execution started
2022-04-15T14:19:03.849641, DEBUG, debug, Index, Execution finished
2022-04-15T14:19:03.849967, DEBUG, debug, run, Execution started
2022-04-15T14:19:03.853137, DEBUG, debug, run, Execution finished
2022-04-15T14:20:15.378618, DEBUG, debug, app, Test debug message
2022-04-15T14:20:19.025570, DEBUG, debug, Index, Execution started
2022-04-15T14:20:19.025973, DEBUG, debug, Index, Execution finished
2022-04-15T14:20:19.026313, DEBUG, debug, run, Execution started
2022-04-15T14:20:19.029616, DEBUG, debug, run, Execution finished
2022-04-15T14:24:00.791028, DEBUG, debug, app, Test debug message
2022-04-15T14:24:03.482421, DEBUG, debug, Index, Execution started
2022-04-15T14:24:03.482787, DEBUG, debug, Index, Execution finished
2022-04-15T14:24:03.483113, DEBUG, debug, run, Execution started
2022-04-15T14:24:03.486424, DEBUG, debug, run, Execution finished
2022-04-15T14:25:39.716825, DEBUG, debug, app, Test debug message
2022-04-15T14:25:42.610139, DEBUG, debug, Index, Execution started
2022-04-15T14:25:42.610594, DEBUG, debug, Index, Execution finished
2022-04-15T14:25:42.610922, DEBUG, debug, run, Execution started
2022-04-15T14:25:42.614060, DEBUG, debug, run, Execution finished
2022-04-15T14:45:32.035404, DEBUG, debug, app, Test debug message
2022-04-15T14:45:35.475733, DEBUG, debug, Index, Execution started
2022-04-15T14:45:35.476074, DEBUG, debug, Index, Execution finished
2022-04-15T14:45:35.476376, DEBUG, debug, run, Execution started
2022-04-15T14:45:35.479539, DEBUG, debug, run, Execution finished
2022-04-15T14:59:49.170059, DEBUG, debug, app, Test debug message
2022-04-15T14:59:53.202024, DEBUG, debug, Index, Execution started
2022-04-15T14:59:53.202400, DEBUG, debug, Index, Execution finished
2022-04-15T14:59:53.202805, DEBUG, debug, run, Execution started
2022-04-15T14:59:53.206000, DEBUG, debug, run, Execution finished
2022-04-15T15:05:50.271403, DEBUG, debug, app, Test debug message
2022-04-15T15:05:53.447079, DEBUG, debug, Index, Execution started
2022-04-15T15:05:53.447424, DEBUG, debug, Index, Execution finished
2022-04-15T15:05:53.447756, DEBUG, debug, run, Execution started
2022-04-15T15:05:53.450942, DEBUG, debug, run, Execution finished
2022-04-15T15:07:27.723609, DEBUG, debug, app, Test debug message
2022-04-15T15:07:30.753919, DEBUG, debug, Index, Execution started
2022-04-15T15:07:30.754316, DEBUG, debug, Index, Execution finished
2022-04-15T15:07:30.754657, DEBUG, debug, run, Execution started
2022-04-15T15:07:30.757985, DEBUG, debug, run, Execution finished
2022-04-15T15:13:11.726358, DEBUG, debug, app, Test debug message
2022-04-15T15:14:02.655643, DEBUG, debug, Index, Execution started
2022-04-15T15:14:02.656025, DEBUG, debug, Index, Execution finished
2022-04-15T15:14:02.656405, DEBUG, debug, run, Execution started
2022-04-15T15:14:02.659408, DEBUG, debug, run, Execution finished
2022-04-15T15:14:58.865617, DEBUG, debug, app, Test debug message
2022-04-15T15:15:02.355175, DEBUG, debug, Index, Execution started
2022-04-15T15:15:02.355569, DEBUG, debug, Index, Execution finished
2022-04-15T15:15:02.355908, DEBUG, debug, run, Execution started
2022-04-15T15:15:02.359250, DEBUG, debug, run, Execution finished
2022-04-15T15:15:32.679813, DEBUG, debug, app, Test debug message
2022-04-15T15:17:12.589284, DEBUG, debug, app, Test debug message
2022-04-15T15:17:16.471184, DEBUG, debug, Index, Execution started
2022-04-15T15:17:16.471558, DEBUG, debug, Index, Execution finished
2022-04-15T15:17:16.471885, DEBUG, debug, run, Execution started
2022-04-15T15:17:16.475054, DEBUG, debug, run, Execution finished
2022-04-15T15:18:17.367245, DEBUG, debug, app, Test debug message
2022-04-15T15:18:20.240927, DEBUG, debug, Index, Execution started
2022-04-15T15:18:20.241282, DEBUG, debug, Index, Execution finished
2022-04-15T15:18:20.242092, DEBUG, debug, run, Execution started
2022-04-15T15:18:20.245211, DEBUG, debug, run, Execution finished
2022-04-15T15:19:42.336259, DEBUG, debug, app, Test debug message
2022-04-15T15:20:46.445117, DEBUG, debug, app, Test debug message
2022-04-15T15:21:54.985332, DEBUG, debug, app, Test debug message
2022-04-15T15:22:06.608057, DEBUG, debug, app, Test debug message
2022-04-15T15:22:31.444825, DEBUG, debug, app, Test debug message
2022-04-15T15:27:13.376764, DEBUG, debug, app, Test debug message
2022-04-15T15:41:22.761565, DEBUG, debug, app, Test debug message
2022-04-15T15:41:29.927135, DEBUG, debug, Index, Execution started
2022-04-15T15:41:29.927488, DEBUG, debug, Index, Execution finished
2022-04-15T15:41:29.927816, DEBUG, debug, run, Execution started
2022-04-15T15:41:29.930920, DEBUG, debug, run, Execution finished
2022-04-15T15:48:22.499266, DEBUG, debug, app, Test debug message
2022-04-15T15:48:32.435552, DEBUG, debug, Index, Execution started
2022-04-15T15:48:32.435916, DEBUG, debug, Index, Execution finished
2022-04-15T15:48:32.436436, DEBUG, debug, run, Execution started
2022-04-15T15:48:32.439551, DEBUG, debug, run, Execution finished
2022-04-15T15:49:21.637030, DEBUG, debug, app, Test debug message
2022-04-15T15:49:28.355979, DEBUG, debug, Index, Execution started
2022-04-15T15:49:28.356326, DEBUG, debug, Index, Execution finished
2022-04-15T15:49:28.356719, DEBUG, debug, run, Execution started
2022-04-15T15:49:28.359832, DEBUG, debug, run, Execution finished
2022-04-15T16:01:17.761927, DEBUG, debug, app, Test debug message
2022-04-15T16:01:25.544952, DEBUG, debug, Index, Execution started
2022-04-15T16:01:25.545312, DEBUG, debug, Index, Execution finished
2022-04-15T16:01:25.545708, DEBUG, debug, run, Execution started
2022-04-15T16:01:25.548944, DEBUG, debug, run, Execution finished
2022-04-15T16:04:12.404727, DEBUG, debug, app, Test debug message
2022-04-15T16:04:19.075807, DEBUG, debug, Index, Execution started
2022-04-15T16:04:19.076155, DEBUG, debug, Index, Execution finished
2022-04-15T16:04:19.076545, DEBUG, debug, run, Execution started
2022-04-15T16:04:19.079520, DEBUG, debug, run, Execution finished
2022-04-15T16:05:36.032859, DEBUG, debug, app, Test debug message
2022-04-15T16:05:40.927179, DEBUG, debug, Index, Execution started
2022-04-15T16:05:40.927540, DEBUG, debug, Index, Execution finished
2022-04-15T16:05:40.927952, DEBUG, debug, run, Execution started
2022-04-15T16:05:40.931069, DEBUG, debug, run, Execution finished
2022-04-15T16:11:35.536766, DEBUG, debug, Index, Execution started
2022-04-15T16:11:35.537143, DEBUG, debug, Index, Execution finished
2022-04-15T16:11:35.537462, DEBUG, debug, run, Execution started
2022-04-15T16:11:35.540664, DEBUG, debug, run, Execution finished
2022-04-15T16:15:32.953393, DEBUG, debug, app, Test debug message
2022-04-15T16:15:37.511781, DEBUG, debug, Index, Execution started
2022-04-15T16:15:37.512229, DEBUG, debug, Index, Execution finished
2022-04-15T16:15:37.512573, DEBUG, debug, run, Execution started
2022-04-15T16:15:37.515748, DEBUG, debug, run, Execution finished
2022-04-15T16:16:30.411290, DEBUG, debug, app, Test debug message
2022-04-15T16:16:53.080863, DEBUG, debug, app, Test debug message
2022-04-15T16:17:06.005345, DEBUG, debug, app, Test debug message
2022-04-15T16:28:03.047262, DEBUG, debug, app, Test debug message
2022-04-15T17:12:36.654052, DEBUG, debug, app, Test debug message
2022-04-15T17:14:53.030998, DEBUG, debug, app, Test debug message
2022-04-15T17:19:42.723467, DEBUG, debug, app, Test debug message
2022-04-15T17:20:22.096985, DEBUG, debug, app, Test debug message
2022-04-15T17:21:19.557172, DEBUG, debug, app, Test debug message
2022-04-15T17:23:09.428008, DEBUG, debug, app, Test debug message
2022-04-15T17:25:17.635247, DEBUG, debug, app, Test debug message
2022-04-15T17:26:12.275868, DEBUG, debug, Index, Execution started
2022-04-15T17:26:12.276232, DEBUG, debug, Index, Execution finished
2022-04-15T17:26:12.276567, DEBUG, debug, run, Execution started
2022-04-15T17:26:12.279566, DEBUG, debug, run, Execution finished
2022-04-15T19:59:53.922208, DEBUG, debug, app, Test debug message
2022-04-15T20:01:40.301415, DEBUG, debug, app, Test debug message
2022-04-15T20:02:37.921427, DEBUG, debug, app, Test debug message
2022-04-15T20:02:42.086403, DEBUG, debug, Index, Execution started
2022-04-15T20:02:42.086758, DEBUG, debug, Index, Execution finished
2022-04-15T20:02:42.087091, DEBUG, debug, run, Execution started
2022-04-15T20:02:42.090355, DEBUG, debug, run, Execution finished
2022-04-15T20:30:06.384967, DEBUG, debug, app, Test debug message
2022-04-15T20:31:52.605955, DEBUG, debug, Index, Execution started
2022-04-15T20:31:52.606316, DEBUG, debug, Index, Execution finished
2022-04-15T20:31:52.606653, DEBUG, debug, run, Execution started
2022-04-15T20:31:52.609683, DEBUG, debug, run, Execution finished
2022-04-15T20:31:56.749490, DEBUG, debug, Index, Execution started
2022-04-15T20:31:56.749833, DEBUG, debug, Index, Execution finished
2022-04-15T20:31:56.750227, DEBUG, debug, run, Execution started
2022-04-15T20:31:56.753014, DEBUG, debug, run, Execution finished
2022-04-15T20:33:11.846938, DEBUG, debug, app, Test debug message
2022-04-15T20:33:17.370608, DEBUG, debug, Index, Execution started
2022-04-15T20:33:17.370962, DEBUG, debug, Index, Execution finished
2022-04-15T20:33:17.371291, DEBUG, debug, run, Execution started
2022-04-15T20:33:17.374197, DEBUG, debug, run, Execution finished
2022-04-15T20:33:53.584319, DEBUG, debug, app, Test debug message
2022-04-15T20:34:59.164477, DEBUG, debug, app, Test debug message
2022-04-15T20:35:05.195339, DEBUG, debug, Index, Execution started
2022-04-15T20:35:05.195720, DEBUG, debug, Index, Execution finished
2022-04-15T20:35:05.196050, DEBUG, debug, run, Execution started
2022-04-15T20:35:05.199101, DEBUG, debug, run, Execution finished
2022-04-15T20:42:43.674430, DEBUG, debug, app, Test debug message
2022-04-15T20:42:50.918866, DEBUG, debug, Index, Execution started
2022-04-15T20:42:50.919227, DEBUG, debug, Index, Execution finished
2022-04-15T20:42:50.919561, DEBUG, debug, run, Execution started
2022-04-15T20:42:50.922778, DEBUG, debug, run, Execution finished
2022-04-15T20:49:43.103839, DEBUG, debug, app, Test debug message
2022-04-15T20:49:51.896802, DEBUG, debug, Index, Execution started
2022-04-15T20:49:51.897194, DEBUG, debug, Index, Execution finished
2022-04-15T20:49:51.897523, DEBUG, debug, run, Execution started
2022-04-15T20:49:51.900904, DEBUG, debug, run, Execution finished
2022-04-15T20:53:27.716386, DEBUG, debug, app, Test debug message
2022-04-15T20:53:40.837496, DEBUG, debug, Index, Execution started
2022-04-15T20:53:40.837888, DEBUG, debug, Index, Execution finished
2022-04-15T20:53:40.838211, DEBUG, debug, run, Execution started
2022-04-15T20:53:40.841564, DEBUG, debug, run, Execution finished
2022-04-15T20:54:14.960318, DEBUG, debug, app, Test debug message
2022-04-15T20:54:20.815043, DEBUG, debug, Index, Execution started
2022-04-15T20:54:20.815431, DEBUG, debug, Index, Execution finished
2022-04-15T20:54:20.815763, DEBUG, debug, run, Execution started
2022-04-15T20:54:20.818910, DEBUG, debug, run, Execution finished
2022-04-15T21:03:41.210890, DEBUG, debug, app, Test debug message
2022-04-15T21:03:49.335163, DEBUG, debug, Index, Execution started
2022-04-15T21:03:49.335522, DEBUG, debug, Index, Execution finished
2022-04-15T21:03:49.335856, DEBUG, debug, run, Execution started
2022-04-15T21:03:49.339132, DEBUG, debug, run, Execution finished
2022-04-15T21:04:33.776722, DEBUG, debug, app, Test debug message
2022-04-15T21:04:41.297146, DEBUG, debug, Index, Execution started
2022-04-15T21:04:41.297541, DEBUG, debug, Index, Execution finished
2022-04-15T21:04:41.297876, DEBUG, debug, run, Execution started
2022-04-15T21:04:41.300946, DEBUG, debug, run, Execution finished
2022-04-15T21:05:01.293198, DEBUG, debug, Index, Execution started
2022-04-15T21:05:01.293657, DEBUG, debug, Index, Execution finished
2022-04-15T21:05:01.293991, DEBUG, debug, run, Execution started
2022-04-15T21:05:01.296886, DEBUG, debug, run, Execution finished
2022-04-15T21:05:03.345653, DEBUG, debug, Index, Execution started
2022-04-15T21:05:03.345997, DEBUG, debug, Index, Execution finished
2022-04-15T21:05:03.346330, DEBUG, debug, run, Execution started
2022-04-15T21:05:03.349129, DEBUG, debug, run, Execution finished
2022-04-15T21:05:26.908162, DEBUG, debug, Index, Execution started
2022-04-15T21:05:26.908549, DEBUG, debug, Index, Execution finished
2022-04-15T21:05:26.908880, DEBUG, debug, run, Execution started
2022-04-15T21:05:26.911785, DEBUG, debug, run, Execution finished
2022-04-15T21:13:06.014050, DEBUG, debug, app, Test debug message
2022-04-15T21:13:11.780711, DEBUG, debug, Index, Execution started
2022-04-15T21:13:11.781063, DEBUG, debug, Index, Execution finished
2022-04-15T21:13:11.781470, DEBUG, debug, run, Execution started
2022-04-15T21:13:11.784755, DEBUG, debug, run, Execution finished
2022-04-15T21:13:16.467549, DEBUG, debug, Index, Execution started
2022-04-15T21:13:16.467929, DEBUG, debug, Index, Execution finished
2022-04-15T21:13:16.468265, DEBUG, debug, run, Execution started
2022-04-15T21:13:16.471144, DEBUG, debug, run, Execution finished
2022-04-15T21:14:02.732302, DEBUG, debug, app, Test debug message
2022-04-15T21:14:07.555663, DEBUG, debug, Index, Execution started
2022-04-15T21:14:07.556022, DEBUG, debug, Index, Execution finished
2022-04-15T21:14:07.556421, DEBUG, debug, run, Execution started
2022-04-15T21:14:07.559561, DEBUG, debug, run, Execution finished
2022-04-15T21:14:12.763067, DEBUG, debug, Index, Execution started
2022-04-15T21:14:12.763414, DEBUG, debug, Index, Execution finished
2022-04-15T21:14:12.763752, DEBUG, debug, run, Execution started
2022-04-15T21:14:12.766594, DEBUG, debug, run, Execution finished
2022-04-15T21:14:35.367305, DEBUG, debug, app, Test debug message
2022-04-15T21:14:42.160239, DEBUG, debug, Index, Execution started
2022-04-15T21:14:42.160625, DEBUG, debug, Index, Execution finished
2022-04-15T21:14:42.160957, DEBUG, debug, run, Execution started
2022-04-15T21:14:42.164142, DEBUG, debug, run, Execution finished
2022-04-15T21:17:01.212731, DEBUG, debug, app, Test debug message
2022-04-15T21:17:06.969859, DEBUG, debug, Index, Execution started
2022-04-15T21:17:06.970230, DEBUG, debug, Index, Execution finished
2022-04-15T21:17:06.970635, DEBUG, debug, run, Execution started
2022-04-15T21:17:06.973928, DEBUG, debug, run, Execution finished
2022-04-15T21:20:29.345695, DEBUG, debug, app, Test debug message
2022-04-15T21:20:39.839365, DEBUG, debug, Index, Execution started
2022-04-15T21:20:39.839725, DEBUG, debug, Index, Execution finished
2022-04-15T21:20:39.840063, DEBUG, debug, run, Execution started
2022-04-15T21:20:39.843351, DEBUG, debug, run, Execution finished
2022-04-15T21:24:29.554367, DEBUG, debug, Index, Execution started
2022-04-15T21:24:29.554714, DEBUG, debug, Index, Execution finished
2022-04-15T21:24:29.555124, DEBUG, debug, run, Execution started
2022-04-15T21:24:29.557999, DEBUG, debug, run, Execution finished
2022-04-15T21:26:21.905201, DEBUG, debug, app, Test debug message
2022-04-15T21:26:27.525943, DEBUG, debug, Index, Execution started
2022-04-15T21:26:27.526308, DEBUG, debug, Index, Execution finished
2022-04-15T21:26:27.526706, DEBUG, debug, run, Execution started
2022-04-15T21:26:27.530037, DEBUG, debug, run, Execution finished
2022-04-15T21:27:32.899190, DEBUG, debug, app, Test debug message
2022-04-15T21:27:40.421536, DEBUG, debug, Index, Execution started
2022-04-15T21:27:40.421940, DEBUG, debug, Index, Execution finished
2022-04-15T21:27:40.422338, DEBUG, debug, run, Execution started
2022-04-15T21:27:40.425520, DEBUG, debug, run, Execution finished
2022-04-15T21:27:51.408278, DEBUG, debug, Index, Execution started
2022-04-15T21:27:51.408631, DEBUG, debug, Index, Execution finished
2022-04-15T21:27:51.408968, DEBUG, debug, run, Execution started
2022-04-15T21:27:51.411796, DEBUG, debug, run, Execution finished
2022-04-15T21:30:18.271639, DEBUG, debug, app, Test debug message
2022-04-15T21:30:31.449054, DEBUG, debug, Index, Execution started
2022-04-15T21:30:31.449419, DEBUG, debug, Index, Execution finished
2022-04-15T21:30:31.449716, DEBUG, debug, run, Execution started
2022-04-15T21:30:31.453168, DEBUG, debug, run, Execution finished
2022-04-15T21:34:42.874363, DEBUG, debug, app, Test debug message
2022-04-15T21:34:56.890133, DEBUG, debug, Index, Execution started
2022-04-15T21:34:56.890495, DEBUG, debug, Index, Execution finished
2022-04-15T21:34:56.890827, DEBUG, debug, run, Execution started
2022-04-15T21:34:56.894068, DEBUG, debug, run, Execution finished
2022-04-15T21:38:49.515644, DEBUG, debug, app, Test debug message
2022-04-15T21:38:55.869498, DEBUG, debug, Index, Execution started
2022-04-15T21:38:55.869854, DEBUG, debug, Index, Execution finished
2022-04-15T21:38:55.870257, DEBUG, debug, run, Execution started
2022-04-15T21:38:55.873553, DEBUG, debug, run, Execution finished
2022-04-15T21:39:09.833267, DEBUG, debug, Index, Execution started
2022-04-15T21:39:09.833621, DEBUG, debug, Index, Execution finished
2022-04-15T21:39:09.833967, DEBUG, debug, run, Execution started
2022-04-15T21:39:09.836942, DEBUG, debug, run, Execution finished
2022-04-15T21:42:10.774397, DEBUG, debug, app, Test debug message
2022-04-15T21:42:19.954303, DEBUG, debug, Index, Execution started
2022-04-15T21:42:19.954662, DEBUG, debug, Index, Execution finished
2022-04-15T21:42:19.955048, DEBUG, debug, run, Execution started
2022-04-15T21:42:19.958416, DEBUG, debug, run, Execution finished
2022-04-15T21:42:23.393329, DEBUG, debug, Index, Execution started
2022-04-15T21:42:23.393714, DEBUG, debug, Index, Execution finished
2022-04-15T21:42:23.394140, DEBUG, debug, run, Execution started
2022-04-15T21:42:23.397630, DEBUG, debug, run, Execution finished
2022-04-15T21:43:09.881360, DEBUG, debug, app, Test debug message
2022-04-15T21:43:15.525897, DEBUG, debug, Index, Execution started
2022-04-15T21:43:15.526288, DEBUG, debug, Index, Execution finished
2022-04-15T21:43:15.526615, DEBUG, debug, run, Execution started
2022-04-15T21:43:15.529775, DEBUG, debug, run, Execution finished
2022-04-15T21:43:55.406023, DEBUG, debug, app, Test debug message
2022-04-15T21:44:00.692759, DEBUG, debug, Index, Execution started
2022-04-15T21:44:00.693144, DEBUG, debug, Index, Execution finished
2022-04-15T21:44:00.693463, DEBUG, debug, run, Execution started
2022-04-15T21:44:00.696583, DEBUG, debug, run, Execution finished
2022-04-15T21:44:19.454760, DEBUG, debug, Index, Execution started
2022-04-15T21:44:19.455135, DEBUG, debug, Index, Execution finished
2022-04-15T21:44:19.455439, DEBUG, debug, run, Execution started
2022-04-15T21:44:19.458364, DEBUG, debug, run, Execution finished
2022-04-15T21:44:52.564530, DEBUG, debug, app, Test debug message
2022-04-15T21:44:58.451574, DEBUG, debug, Index, Execution started
2022-04-15T21:44:58.451937, DEBUG, debug, Index, Execution finished
2022-04-15T21:44:58.452261, DEBUG, debug, run, Execution started
2022-04-15T21:44:58.455396, DEBUG, debug, run, Execution finished
2022-04-15T21:45:10.497222, DEBUG, debug, Index, Execution started
2022-04-15T21:45:10.497594, DEBUG, debug, Index, Execution finished
2022-04-15T21:45:10.497930, DEBUG, debug, run, Execution started
2022-04-15T21:45:10.500841, DEBUG, debug, run, Execution finished
2022-04-15T21:49:26.339305, DEBUG, debug, app, Test debug message
2022-04-15T21:49:33.412261, DEBUG, debug, Index, Execution started
2022-04-15T21:49:33.412625, DEBUG, debug, Index, Execution finished
2022-04-15T21:49:33.412953, DEBUG, debug, run, Execution started
2022-04-15T21:49:33.416164, DEBUG, debug, run, Execution finished
2022-04-15T21:49:43.687363, DEBUG, debug, Index, Execution started
2022-04-15T21:49:43.687716, DEBUG, debug, Index, Execution finished
2022-04-15T21:49:43.688049, DEBUG, debug, run, Execution started
2022-04-15T21:49:43.691014, DEBUG, debug, run, Execution finished
2022-04-15T22:03:10.893460, DEBUG, debug, app, Test debug message
2022-04-15T22:03:15.789228, DEBUG, debug, Index, Execution started
2022-04-15T22:03:15.789615, DEBUG, debug, Index, Execution finished
2022-04-15T22:03:15.789949, DEBUG, debug, run, Execution started
2022-04-15T22:03:15.793171, DEBUG, debug, run, Execution finished
2022-04-15T22:03:28.397815, DEBUG, debug, Index, Execution started
2022-04-15T22:03:28.398202, DEBUG, debug, Index, Execution finished
2022-04-15T22:03:28.398529, DEBUG, debug, run, Execution started
2022-04-15T22:03:28.401388, DEBUG, debug, run, Execution finished
2022-04-15T22:03:31.731563, DEBUG, debug, Index, Execution started
2022-04-15T22:03:31.731918, DEBUG, debug, Index, Execution finished
2022-04-15T22:03:31.732256, DEBUG, debug, run, Execution started
2022-04-15T22:03:31.735101, DEBUG, debug, run, Execution finished
2022-04-15T22:14:01.689549, DEBUG, debug, app, Test debug message
2022-04-15T22:14:07.103066, DEBUG, debug, Index, Execution started
2022-04-15T22:14:07.103432, DEBUG, debug, Index, Execution finished
2022-04-15T22:14:07.103822, DEBUG, debug, run, Execution started
2022-04-15T22:14:07.107098, DEBUG, debug, run, Execution finished
2022-04-15T22:20:52.211855, DEBUG, debug, app, Test debug message
2022-04-15T22:23:46.870589, DEBUG, debug, app, Test debug message
2022-04-15T22:23:53.642490, DEBUG, debug, Index, Execution started
2022-04-15T22:23:53.642851, DEBUG, debug, Index, Execution finished
2022-04-15T22:23:53.643181, DEBUG, debug, run, Execution started
2022-04-15T22:23:53.646430, DEBUG, debug, run, Execution finished
2022-04-15T22:25:15.399526, DEBUG, debug, app, Test debug message
2022-04-15T22:25:32.858343, DEBUG, debug, app, Test debug message
2022-04-15T22:25:46.774115, DEBUG, debug, app, Test debug message
2022-04-15T22:27:05.611849, DEBUG, debug, app, Test debug message
2022-04-15T22:27:08.684542, DEBUG, debug, Index, Execution started
2022-04-15T22:27:08.684900, DEBUG, debug, Index, Execution finished
2022-04-15T22:27:08.685194, DEBUG, debug, run, Execution started
2022-04-15T22:27:08.688319, DEBUG, debug, run, Execution finished
2022-04-15T22:32:54.428441, DEBUG, debug, app, Test debug message
2022-04-15T22:34:14.060319, DEBUG, debug, app, Test debug message
2022-04-15T22:35:28.508120, DEBUG, debug, app, Test debug message
2022-04-15T22:48:00.676157, DEBUG, debug, app, Test debug message
2022-04-15T22:48:17.422979, DEBUG, debug, app, Test debug message
2022-04-15T22:50:06.497123, DEBUG, debug, app, Test debug message
2022-04-15T22:51:28.401904, DEBUG, debug, app, Test debug message
2022-04-15T22:54:20.008380, DEBUG, debug, app, Test debug message
2022-04-15T22:55:02.394491, DEBUG, debug, app, Test debug message
2022-04-15T22:55:24.820704, DEBUG, debug, Index, Execution started
2022-04-15T22:55:24.821070, DEBUG, debug, Index, Execution finished
2022-04-15T22:55:24.821449, DEBUG, debug, run, Execution started
2022-04-15T22:55:24.824388, DEBUG, debug, run, Execution finished
2022-04-15T23:04:33.474904, DEBUG, debug, app, Test debug message
2022-04-15T23:07:42.877863, DEBUG, debug, app, Test debug message
2022-04-15T23:07:54.833438, DEBUG, debug, app, Test debug message
2022-04-15T23:11:40.011338, DEBUG, debug, app, Test debug message
2022-04-15T23:11:47.268601, DEBUG, debug, Index, Execution started
2022-04-15T23:11:47.268938, DEBUG, debug, Index, Execution finished
2022-04-15T23:11:47.269252, DEBUG, debug, run, Execution started
2022-04-15T23:11:47.272413, DEBUG, debug, run, Execution finished
2022-04-15T23:11:51.549274, DEBUG, debug, Index, Execution started
2022-04-15T23:11:51.549618, DEBUG, debug, Index, Execution finished
2022-04-15T23:11:51.549956, DEBUG, debug, run, Execution started
2022-04-15T23:11:51.552844, DEBUG, debug, run, Execution finished
2022-04-15T23:12:04.752894, DEBUG, debug, Index, Execution started
2022-04-15T23:12:04.753307, DEBUG, debug, Index, Execution finished
2022-04-15T23:12:04.753692, DEBUG, debug, run, Execution started
2022-04-15T23:12:04.756610, DEBUG, debug, run, Execution finished
2022-04-15T23:26:17.339090, DEBUG, debug, app, Test debug message
2022-04-15T23:26:22.342901, DEBUG, debug, Index, Execution started
2022-04-15T23:26:22.343315, DEBUG, debug, Index, Execution finished
2022-04-15T23:26:22.343625, DEBUG, debug, run, Execution started
2022-04-15T23:26:22.346921, DEBUG, debug, run, Execution finished
2022-04-15T23:30:51.198329, DEBUG, debug, Index, Execution started
2022-04-15T23:30:51.198712, DEBUG, debug, Index, Execution finished
2022-04-15T23:30:51.199107, DEBUG, debug, run, Execution started
2022-04-15T23:30:51.199754, DEBUG, debug, run, Execution finished
2022-04-15T23:45:42.554842, DEBUG, debug, app, Test debug message
2022-04-15T23:45:47.367074, DEBUG, debug, Index, Execution started
2022-04-15T23:45:47.367434, DEBUG, debug, Index, Execution finished
2022-04-15T23:45:47.367747, DEBUG, debug, run, Execution started
2022-04-15T23:45:47.370980, DEBUG, debug, run, Execution finished
2022-04-15T23:46:09.057539, DEBUG, debug, Index, Execution started
2022-04-15T23:46:09.057900, DEBUG, debug, Index, Execution finished
2022-04-15T23:46:09.058239, DEBUG, debug, run, Execution started
2022-04-15T23:46:09.058788, DEBUG, debug, run, Execution finished
2022-04-15T23:50:21.406542, DEBUG, debug, app, Test debug message
2022-04-15T23:50:32.242264, DEBUG, debug, Index, Execution started
2022-04-15T23:50:32.242673, DEBUG, debug, Index, Execution finished
2022-04-15T23:50:32.243082, DEBUG, debug, run, Execution started
2022-04-15T23:50:32.246390, DEBUG, debug, run, Execution finished
2022-04-15T23:54:36.619142, DEBUG, debug, app, Test debug message
2022-04-15T23:54:39.694513, DEBUG, debug, Index, Execution started
2022-04-15T23:54:39.694849, DEBUG, debug, Index, Execution finished
2022-04-15T23:54:39.695154, DEBUG, debug, run, Execution started
2022-04-15T23:54:39.698305, DEBUG, debug, run, Execution finished
2022-04-15T23:55:11.032920, DEBUG, debug, app, Test debug message
2022-04-15T23:55:13.048680, DEBUG, debug, Index, Execution started
2022-04-15T23:55:13.049048, DEBUG, debug, Index, Execution finished
2022-04-15T23:55:13.049385, DEBUG, debug, run, Execution started
2022-04-15T23:55:13.052785, DEBUG, debug, run, Execution finished
2022-04-15T23:55:53.049490, DEBUG, debug, app, Test debug message
2022-04-15T23:55:55.841071, DEBUG, debug, Index, Execution started
2022-04-15T23:55:55.841427, DEBUG, debug, Index, Execution finished
2022-04-15T23:55:55.841819, DEBUG, debug, run, Execution started
2022-04-15T23:55:55.844950, DEBUG, debug, run, Execution finished
2022-04-15T23:58:52.435101, DEBUG, debug, app, Test debug message
2022-04-15T23:59:00.035323, DEBUG, debug, Index, Execution started
2022-04-15T23:59:00.035685, DEBUG, debug, Index, Execution finished
2022-04-15T23:59:00.035979, DEBUG, debug, run, Execution started
2022-04-15T23:59:00.039039, DEBUG, debug, run, Execution finished
2022-04-15T23:59:21.996800, DEBUG, debug, Index, Execution started
2022-04-15T23:59:21.997215, DEBUG, debug, Index, Execution finished
2022-04-15T23:59:21.997576, DEBUG, debug, run, Execution started
2022-04-15T23:59:21.998201, DEBUG, debug, run, Execution finished
2022-04-16T00:02:32.917884, DEBUG, debug, app, Test debug message
2022-04-16T00:02:36.224307, DEBUG, debug, Index, Execution started
2022-04-16T00:02:36.224691, DEBUG, debug, Index, Execution finished
2022-04-16T00:02:36.225019, DEBUG, debug, run, Execution started
2022-04-16T00:02:36.228134, DEBUG, debug, run, Execution finished
2022-04-16T00:02:43.093615, DEBUG, debug, Index, Execution started
2022-04-16T00:02:43.093942, DEBUG, debug, Index, Execution finished
2022-04-16T00:02:43.094232, DEBUG, debug, run, Execution started
2022-04-16T00:02:43.094755, DEBUG, debug, run, Execution finished
2022-04-16T00:02:56.899557, DEBUG, debug, Index, Execution started
2022-04-16T00:02:56.899912, DEBUG, debug, Index, Execution finished
2022-04-16T00:02:56.900285, DEBUG, debug, run, Execution started
2022-04-16T00:02:56.900823, DEBUG, debug, run, Execution finished
2022-04-16T00:40:10.998612, DEBUG, debug, app, Test debug message
2022-04-16T00:40:28.522641, DEBUG, debug, Index, Execution started
2022-04-16T00:40:28.523002, DEBUG, debug, Index, Execution finished
2022-04-16T00:40:28.523403, DEBUG, debug, run, Execution started
2022-04-16T00:40:28.526534, DEBUG, debug, run, Execution finished
2022-04-16T00:41:38.950542, DEBUG, debug, app, Test debug message
2022-04-16T00:44:43.687535, DEBUG, debug, app, Test debug message
2022-04-16T00:44:47.367288, DEBUG, debug, Index, Execution started
2022-04-16T00:44:47.367660, DEBUG, debug, Index, Execution finished
2022-04-16T00:44:47.368079, DEBUG, debug, run, Execution started
2022-04-16T00:44:47.371377, DEBUG, debug, run, Execution finished
2022-04-16T00:45:38.626608, DEBUG, debug, app, Test debug message
2022-04-16T00:45:43.669510, DEBUG, debug, Index, Execution started
2022-04-16T00:45:43.669867, DEBUG, debug, Index, Execution finished
2022-04-16T00:45:43.670349, DEBUG, debug, run, Execution started
2022-04-16T00:45:43.673476, DEBUG, debug, run, Execution finished
2022-04-16T00:49:24.547502, DEBUG, debug, app, Test debug message
2022-04-16T00:49:26.729944, DEBUG, debug, Index, Execution started
2022-04-16T00:49:26.730288, DEBUG, debug, Index, Execution finished
2022-04-16T00:49:26.730597, DEBUG, debug, run, Execution started
2022-04-16T00:49:45.615596, DEBUG, debug, app, Test debug message
2022-04-16T00:49:55.235637, DEBUG, debug, Index, Execution started
2022-04-16T00:49:55.235982, DEBUG, debug, Index, Execution finished
2022-04-16T00:49:55.236273, DEBUG, debug, run, Execution started
2022-04-16T00:49:55.239415, DEBUG, debug, run, Execution finished
2022-04-16T00:53:41.103722, DEBUG, debug, app, Test debug message
2022-04-16T00:55:03.138081, DEBUG, debug, app, Test debug message
2022-04-16T01:03:30.406538, DEBUG, debug, app, Test debug message
2022-04-16T01:03:39.169832, DEBUG, debug, Index, Execution started
2022-04-16T01:03:39.170212, DEBUG, debug, Index, Execution finished
2022-04-16T01:03:39.170552, DEBUG, debug, run, Execution started
2022-04-16T01:03:39.173791, DEBUG, debug, run, Execution finished
2022-04-16T01:04:58.318523, DEBUG, debug, app, Test debug message
2022-04-16T17:36:48.223977, DEBUG, debug, app, Test debug message
2022-04-16T17:36:58.669152, DEBUG, debug, Index, Execution started
2022-04-16T17:36:58.669505, DEBUG, debug, Index, Execution finished
2022-04-16T17:36:58.669902, DEBUG, debug, run, Execution started
2022-04-16T17:36:58.673782, DEBUG, debug, run, Execution finished
2022-04-16T17:37:14.702144, DEBUG, debug, Index, Execution started
2022-04-16T17:37:14.702491, DEBUG, debug, Index, Execution finished
2022-04-16T17:37:14.702896, DEBUG, debug, run, Execution started
2022-04-16T17:37:14.703468, DEBUG, debug, run, Execution finished
2022-04-16T17:37:55.578380, DEBUG, debug, app, Test debug message
2022-04-16T17:37:59.524782, DEBUG, debug, Index, Execution started
2022-04-16T17:37:59.525167, DEBUG, debug, Index, Execution finished
2022-04-16T17:37:59.525547, DEBUG, debug, run, Execution started
2022-04-16T17:37:59.529654, DEBUG, debug, run, Execution finished
2022-04-16T17:38:51.964043, DEBUG, debug, Index, Execution started
2022-04-16T17:38:51.964412, DEBUG, debug, Index, Execution finished
2022-04-16T17:38:51.964749, DEBUG, debug, run, Execution started
2022-04-16T17:38:51.965346, DEBUG, debug, run, Execution finished
2022-04-16T17:39:20.428259, DEBUG, debug, app, Test debug message
2022-04-16T17:39:22.763118, DEBUG, debug, Index, Execution started
2022-04-16T17:39:22.763481, DEBUG, debug, Index, Execution finished
2022-04-16T17:39:22.763858, DEBUG, debug, run, Execution started
2022-04-16T17:39:22.767699, DEBUG, debug, run, Execution finished
2022-04-16T17:40:23.481636, DEBUG, debug, Index, Execution started
2022-04-16T17:40:23.481977, DEBUG, debug, Index, Execution finished
2022-04-16T17:40:23.482267, DEBUG, debug, run, Execution started
2022-04-16T17:40:23.482940, DEBUG, debug, run, Execution finished
2022-04-16T17:40:56.276078, DEBUG, debug, Index, Execution started
2022-04-16T17:40:56.276431, DEBUG, debug, Index, Execution finished
2022-04-16T17:40:56.276831, DEBUG, debug, run, Execution started
2022-04-16T17:40:56.277412, DEBUG, debug, run, Execution finished
2022-04-16T17:40:57.242795, DEBUG, debug, Index, Execution started
2022-04-16T17:40:57.243144, DEBUG, debug, Index, Execution finished
2022-04-16T17:40:57.243544, DEBUG, debug, run, Execution started
2022-04-16T17:40:57.244128, DEBUG, debug, run, Execution finished
2022-04-16T17:40:58.165169, DEBUG, debug, Index, Execution started
2022-04-16T17:40:58.165514, DEBUG, debug, Index, Execution finished
2022-04-16T17:40:58.165916, DEBUG, debug, run, Execution started
2022-04-16T17:40:58.166498, DEBUG, debug, run, Execution finished
2022-04-16T17:42:07.737982, DEBUG, debug, app, Test debug message
2022-04-16T17:42:12.688327, DEBUG, debug, Index, Execution started
2022-04-16T17:42:12.688749, DEBUG, debug, Index, Execution finished
2022-04-16T17:42:12.689105, DEBUG, debug, run, Execution started
2022-04-16T17:42:12.693180, DEBUG, debug, run, Execution finished
2022-04-16T17:43:49.767555, DEBUG, debug, app, Test debug message
2022-04-16T17:43:51.547392, DEBUG, debug, Index, Execution started
2022-04-16T17:43:51.547745, DEBUG, debug, Index, Execution finished
2022-04-16T17:43:51.548073, DEBUG, debug, run, Execution started
2022-04-16T17:43:51.552509, DEBUG, debug, run, Execution finished
2022-04-16T17:44:09.073132, DEBUG, debug, Index, Execution started
2022-04-16T17:44:09.073496, DEBUG, debug, Index, Execution finished
2022-04-16T17:44:09.073793, DEBUG, debug, run, Execution started
2022-04-16T17:44:09.074422, DEBUG, debug, run, Execution finished
2022-04-16T17:44:46.841918, DEBUG, debug, Index, Execution started
2022-04-16T17:44:46.842239, DEBUG, debug, Index, Execution finished
2022-04-16T17:44:46.842524, DEBUG, debug, run, Execution started
2022-04-16T17:44:46.843212, DEBUG, debug, run, Execution finished
2022-04-16T17:45:16.056701, DEBUG, debug, Index, Execution started
2022-04-16T17:45:16.057035, DEBUG, debug, Index, Execution finished
2022-04-16T17:45:16.057322, DEBUG, debug, run, Execution started
2022-04-16T17:45:16.057922, DEBUG, debug, run, Execution finished
2022-04-16T17:45:35.702312, DEBUG, debug, Index, Execution started
2022-04-16T17:45:35.702632, DEBUG, debug, Index, Execution finished
2022-04-16T17:45:35.702919, DEBUG, debug, run, Execution started
2022-04-16T17:45:35.703493, DEBUG, debug, run, Execution finished
2022-04-16T17:56:03.019368, DEBUG, debug, app, Test debug message
2022-04-16T17:56:08.230607, DEBUG, debug, Index, Execution started
2022-04-16T17:56:08.230981, DEBUG, debug, Index, Execution finished
2022-04-16T17:56:08.231315, DEBUG, debug, run, Execution started
2022-04-16T17:56:08.235760, DEBUG, debug, run, Execution finished
2022-04-16T17:56:17.273075, DEBUG, debug, Index, Execution started
2022-04-16T17:56:17.273394, DEBUG, debug, Index, Execution finished
2022-04-16T17:56:17.273681, DEBUG, debug, run, Execution started
2022-04-16T17:56:17.274278, DEBUG, debug, run, Execution finished
2022-04-16T17:56:23.423985, DEBUG, debug, Index, Execution started
2022-04-16T17:56:23.424340, DEBUG, debug, Index, Execution finished
2022-04-16T17:56:23.424754, DEBUG, debug, run, Execution started
2022-04-16T17:56:23.425340, DEBUG, debug, run, Execution finished
2022-04-16T17:56:51.983277, DEBUG, debug, Index, Execution started
2022-04-16T17:56:51.983596, DEBUG, debug, Index, Execution finished
2022-04-16T17:56:51.983880, DEBUG, debug, run, Execution started
2022-04-16T17:56:51.984464, DEBUG, debug, run, Execution finished
2022-04-16T17:57:06.714846, DEBUG, debug, Index, Execution started
2022-04-16T17:57:06.715163, DEBUG, debug, Index, Execution finished
2022-04-16T17:57:06.715446, DEBUG, debug, run, Execution started
2022-04-16T17:57:06.716031, DEBUG, debug, run, Execution finished
2022-04-16T17:57:11.099154, DEBUG, debug, Index, Execution started
2022-04-16T17:57:11.099505, DEBUG, debug, Index, Execution finished
2022-04-16T17:57:11.099959, DEBUG, debug, run, Execution started
2022-04-16T17:57:11.100548, DEBUG, debug, run, Execution finished
2022-04-16T18:05:50.218685, DEBUG, debug, app, Test debug message
2022-04-16T18:05:53.305368, DEBUG, debug, Index, Execution started
2022-04-16T18:05:53.305699, DEBUG, debug, Index, Execution finished
2022-04-16T18:05:53.305992, DEBUG, debug, run, Execution started
2022-04-16T18:05:53.310594, DEBUG, debug, run, Execution finished
2022-04-16T18:07:22.820248, DEBUG, debug, app, Test debug message
2022-04-16T18:07:27.684374, DEBUG, debug, Index, Execution started
2022-04-16T18:07:27.684732, DEBUG, debug, Index, Execution finished
2022-04-16T18:07:27.685077, DEBUG, debug, run, Execution started
2022-04-16T18:07:27.689378, DEBUG, debug, run, Execution finished
2022-04-16T18:07:36.858106, DEBUG, debug, Index, Execution started
2022-04-16T18:07:36.858454, DEBUG, debug, Index, Execution finished
2022-04-16T18:07:36.858854, DEBUG, debug, run, Execution started
2022-04-16T18:07:36.859413, DEBUG, debug, run, Execution finished
2022-04-16T18:07:40.458230, DEBUG, debug, Index, Execution started
2022-04-16T18:07:40.458592, DEBUG, debug, Index, Execution finished
2022-04-16T18:07:40.458885, DEBUG, debug, run, Execution started
2022-04-16T18:07:40.459455, DEBUG, debug, run, Execution finished
2022-04-16T18:07:44.202470, DEBUG, debug, Index, Execution started
2022-04-16T18:07:44.202818, DEBUG, debug, Index, Execution finished
2022-04-16T18:07:44.203158, DEBUG, debug, run, Execution started
2022-04-16T18:07:44.203732, DEBUG, debug, run, Execution finished
2022-04-16T18:08:38.843376, DEBUG, debug, app, Test debug message
2022-04-16T18:12:13.021911, DEBUG, debug, app, Test debug message
2022-04-16T18:12:27.185932, DEBUG, debug, run, Execution started
2022-04-16T18:12:27.190429, DEBUG, debug, run, Execution finished
2022-04-16T18:12:37.174684, DEBUG, debug, run, Execution started
2022-04-16T18:12:37.175382, DEBUG, debug, run, Execution finished
2022-04-16T18:12:42.515829, DEBUG, debug, run, Execution started
2022-04-16T18:12:42.516488, DEBUG, debug, run, Execution finished
2022-04-16T18:17:51.210967, DEBUG, debug, app, Test debug message
2022-04-16T18:19:08.515218, DEBUG, debug, app, Test debug message
2022-04-16T18:20:11.982763, DEBUG, debug, app, Test debug message
2022-04-16T19:20:29.238723, DEBUG, debug, app, Test debug message
2022-04-16T19:23:49.883355, DEBUG, debug, app, Test debug message
2022-04-16T19:36:36.640596, DEBUG, debug, app, Test debug message
2022-04-17T22:45:10.086589, DEBUG, debug, app, Test debug message
2022-04-17T22:52:13.253656, DEBUG, debug, app, Test debug message
2022-04-17T23:03:15.454058, DEBUG, debug, app, Test debug message
2022-04-17T23:04:40.008934, DEBUG, debug, app, Test debug message
2022-04-17T23:06:20.337285, DEBUG, debug, app, Test debug message
2022-04-17T23:10:17.226374, DEBUG, debug, app, Test debug message
2022-04-17T23:13:58.819322, DEBUG, debug, app, Test debug message
2022-04-17T23:16:36.905931, DEBUG, debug, app, Test debug message
2022-04-17T23:20:42.545760, DEBUG, debug, app, Test debug message
2022-04-17T23:26:41.690828, DEBUG, debug, app, Test debug message
2022-04-17T23:49:22.604840, DEBUG, debug, app, Test debug message
2022-04-18T15:10:43.740998, DEBUG, debug, app, Test debug message
2022-04-18T15:11:38.307815, DEBUG, debug, app, Test debug message
2022-04-18T15:12:04.878304, DEBUG, debug, app, Test debug message
2022-04-18T15:12:56.298968, DEBUG, debug, app, Test debug message
2022-04-18T15:13:49.204221, DEBUG, debug, app, Test debug message
2022-04-18T15:14:18.540353, DEBUG, debug, app, Test debug message
2022-04-18T16:51:33.770225, DEBUG, debug, app, Test debug message
2022-04-18T17:26:05.965871, DEBUG, debug, app, Test debug message
2022-04-18T17:46:22.362562, DEBUG, debug, app, Test debug message
2022-04-18T19:24:10.112699, DEBUG, debug, app, Test debug message
2022-04-19T20:39:36.564513, DEBUG, debug, app, Test debug message
2022-04-19T20:43:22.020387, DEBUG, debug, app, Test debug message
2022-04-19T22:01:47.012818, DEBUG, debug, app, Test debug message
2022-04-20T02:22:28.211065, DEBUG, debug, app, Test debug message
2022-04-20T04:23:15.377945, DEBUG, debug, app, Test debug message
2022-04-20T06:24:03.091652, DEBUG, debug, app, Test debug message
2022-04-20T08:24:51.875876, DEBUG, debug, app, Test debug message
2022-04-20T09:14:31.847992, DEBUG, debug, app, Test debug message
2022-04-20T19:00:21.290704, DEBUG, debug, app, Test debug message
2022-04-20T19:02:16.693972, DEBUG, debug, app, Test debug message
2022-04-20T19:02:44.211998, DEBUG, debug, app, Test debug message
2022-04-21T21:10:29.645301, DEBUG, debug, app, Test debug message
2022-04-21T22:04:27.538229, DEBUG, debug, app, Test debug message
2022-04-21T22:05:04.052239, DEBUG, debug, app, Test debug message
2022-04-22T13:14:10.864005, DEBUG, debug, app, Test debug message
2022-04-22T20:25:39.099681, DEBUG, debug, app, Test debug message
2022-04-24T02:29:22.579390, DEBUG, debug, app, Test debug message
2022-04-24T02:30:08.987117, DEBUG, debug, app, Test debug message
2022-04-24T02:30:54.229472, DEBUG, debug, app, Test debug message
2022-04-24T02:31:16.380211, DEBUG, debug, app, Test debug message
2022-04-26T18:12:07.025180, DEBUG, debug, app, Test debug message
2022-04-26T19:38:47.828211, DEBUG, debug, app, Test debug message
2022-04-29T19:47:46.385203, DEBUG, debug, app, Test debug message
2022-04-29T19:56:02.917801, DEBUG, debug, app, Test debug message
2022-05-01T11:16:03.633714, DEBUG, debug, app, Test debug message
2022-05-01T13:44:06.374343, DEBUG, debug, app, Test debug message
2022-05-01T20:44:54.646769, DEBUG, debug, app, Test debug message
2022-05-01T21:03:57.208534, DEBUG, debug, app, Test debug message
2022-05-01T21:45:51.684204, DEBUG, debug, app, Test debug message
2022-05-01T23:46:31.715355, DEBUG, debug, app, Test debug message
2022-05-06T13:44:46.513788, DEBUG, debug, app, Test debug message
2022-05-08T22:31:28.006172, DEBUG, debug, app, Test debug message
